<?xml version="1.0" encoding="UTF-8"?>
<!-- Generated by org.testng.reporters.JUnitReportReporter -->
<testsuite hostname="ada2-PC" name="com.iitbombayX.TS02.TS02_TC03" tests="1" failures="0" timestamp="20 Jul 2015 10:14:37 GMT" time="6.987" errors="0">
  <testcase name="faqOf_FaqPage" time="6.987" classname="com.iitbombayX.TS02.TS02_TC03"/>
</testsuite> <!-- com.iitbombayX.TS02.TS02_TC03 -->
