<?xml version="1.0" encoding="UTF-8"?>
<!-- Generated by org.testng.reporters.JUnitReportReporter -->
<testsuite hostname="ada2-PC" name="com.iitbombayX.TS02.TS02_TC02" tests="1" failures="0" timestamp="27 Jul 2015 11:47:17 GMT" time="12.373" errors="0">
  <testcase name="testFAQFooter" time="12.373" classname="com.iitbombayX.TS02.TS02_TC02"/>
</testsuite> <!-- com.iitbombayX.TS02.TS02_TC02 -->
