<?xml version="1.0" encoding="UTF-8"?>
<!-- Generated by org.testng.reporters.JUnitReportReporter -->
<testsuite hostname="ada2-PC" name="com.iitbombayX.TS03.TS03_TC06" tests="1" failures="0" timestamp="20 Jul 2015 10:42:21 GMT" time="25.652" errors="0">
  <testcase name="testResetPassword" time="25.652" classname="com.iitbombayX.TS03.TS03_TC06"/>
</testsuite> <!-- com.iitbombayX.TS03.TS03_TC06 -->
