<?xml version="1.0" encoding="UTF-8"?>
<!-- Generated by org.testng.reporters.JUnitReportReporter -->
<testsuite hostname="ada2-PC" name="com.iitbombayX.TS04.TS04_TC03" tests="1" failures="0" timestamp="20 Jul 2015 07:11:05 GMT" time="7.961" errors="0">
  <testcase name="RegistrationPageContent" time="7.961" classname="com.iitbombayX.TS04.TS04_TC03"/>
</testsuite> <!-- com.iitbombayX.TS04.TS04_TC03 -->
