<?xml version="1.0" encoding="UTF-8"?>
<!-- Generated by org.testng.reporters.JUnitReportReporter -->
<testsuite hostname="ada2-PC" name="com.iitbombayX.TS02.TS02_TC01" tests="1" failures="0" timestamp="30 Jul 2015 06:38:34 GMT" time="24.903" errors="0">
  <testcase name="testHomeToFaqHeadernavLink" time="24.903" classname="com.iitbombayX.TS02.TS02_TC01"/>
</testsuite> <!-- com.iitbombayX.TS02.TS02_TC01 -->
