<?xml version="1.0" encoding="UTF-8"?>
<!-- Generated by org.testng.reporters.JUnitReportReporter -->
<testsuite hostname="ada2-PC" name="com.iitbombayX.TS02.TS02_TC04" tests="1" failures="0" timestamp="20 Jul 2015 07:11:05 GMT" time="7.457" errors="0">
  <testcase name="FAQ_content_page" time="7.457" classname="com.iitbombayX.TS02.TS02_TC04"/>
</testsuite> <!-- com.iitbombayX.TS02.TS02_TC04 -->
