<?xml version="1.0" encoding="UTF-8"?>
<!-- Generated by org.testng.reporters.JUnitReportReporter -->
<testsuite hostname="ada2-PC" name="com.iitbombayX.TS04.TS04_TC02" tests="1" failures="0" timestamp="20 Jul 2015 10:14:37 GMT" time="12.374" errors="0">
  <testcase name="testHomeFooterNav" time="12.374" classname="com.iitbombayX.TS04.TS04_TC02"/>
</testsuite> <!-- com.iitbombayX.TS04.TS04_TC02 -->
