<?xml version="1.0" encoding="UTF-8"?>
<!-- Generated by org.testng.reporters.JUnitReportReporter -->
<testsuite hostname="ada2-PC" name="com.iitbombayX.TS01.TS01_TC03" tests="1" failures="0" timestamp="20 Jul 2015 10:42:21 GMT" time="8.333" errors="0">
  <testcase name="text_onPage" time="8.333" classname="com.iitbombayX.TS01.TS01_TC03"/>
</testsuite> <!-- com.iitbombayX.TS01.TS01_TC03 -->
