<?xml version="1.0" encoding="UTF-8"?>
<!-- Generated by org.testng.reporters.JUnitReportReporter -->
<testsuite hostname="ada2-PC" name="com.iitbombayX.TS02.TS02_TC02" tests="1" failures="0" timestamp="20 Jul 2015 10:42:21 GMT" time="16.105" errors="0">
  <testcase name="testFAQFooter" time="16.105" classname="com.iitbombayX.TS02.TS02_TC02"/>
</testsuite> <!-- com.iitbombayX.TS02.TS02_TC02 -->
