<?xml version="1.0" encoding="UTF-8"?>
<!-- Generated by org.testng.reporters.JUnitReportReporter -->
<testsuite hostname="ada2-PC" name="com.iitbombayX.TS04.TS04_TC03" tests="1" failures="0" timestamp="30 Jul 2015 07:52:40 GMT" time="8.936" errors="0">
  <testcase name="RegistrationPageContent" time="8.936" classname="com.iitbombayX.TS04.TS04_TC03"/>
</testsuite> <!-- com.iitbombayX.TS04.TS04_TC03 -->
