<?xml version="1.0" encoding="UTF-8"?>
<!-- Generated by org.testng.reporters.JUnitReportReporter -->
<testsuite hostname="ada2-PC" name="com.iitbombayX.TS03.TS03_TC06" tests="1" failures="0" timestamp="27 Jul 2015 11:47:17 GMT" time="21.905" errors="0">
  <testcase name="testResetPassword" time="21.905" classname="com.iitbombayX.TS03.TS03_TC06"/>
</testsuite> <!-- com.iitbombayX.TS03.TS03_TC06 -->
