<?xml version="1.0" encoding="UTF-8"?>
<!-- Generated by org.testng.reporters.JUnitReportReporter -->
<testsuite hostname="ada2-PC" name="com.iitbombayX.TS03.TS03_TC06" tests="1" failures="0" timestamp="30 Jul 2015 06:38:34 GMT" time="34.686" errors="0">
  <testcase name="testResetPassword" time="34.686" classname="com.iitbombayX.TS03.TS03_TC06"/>
</testsuite> <!-- com.iitbombayX.TS03.TS03_TC06 -->
