<?xml version="1.0" encoding="UTF-8"?>
<!-- Generated by org.testng.reporters.JUnitReportReporter -->
<testsuite hostname="ada2-PC" name="com.iitbombayX.TS04.TS04_TC01" tests="1" failures="0" timestamp="20 Jul 2015 10:42:21 GMT" time="18.400" errors="0">
  <testcase name="registration_header_nav" time="18.400" classname="com.iitbombayX.TS04.TS04_TC01"/>
</testsuite> <!-- com.iitbombayX.TS04.TS04_TC01 -->
