<?xml version="1.0" encoding="UTF-8"?>
<!-- Generated by org.testng.reporters.JUnitReportReporter -->
<testsuite hostname="ada2-PC" name="com.iitbombayX.TS01.TS01_TC02" tests="1" failures="0" timestamp="30 Jul 2015 06:38:34 GMT" time="19.505" errors="0">
  <testcase name="testHomeFooterNav" time="19.505" classname="com.iitbombayX.TS01.TS01_TC02"/>
</testsuite> <!-- com.iitbombayX.TS01.TS01_TC02 -->
