<?xml version="1.0" encoding="UTF-8"?>
<!-- Generated by org.testng.reporters.JUnitReportReporter -->
<testsuite hostname="ada2-PC" name="com.iitbombayX.TS01.TS01_TC04" tests="1" failures="0" timestamp="27 Jul 2015 11:47:17 GMT" time="7.980" errors="0">
  <testcase name="check_content" time="7.980" classname="com.iitbombayX.TS01.TS01_TC04"/>
</testsuite> <!-- com.iitbombayX.TS01.TS01_TC04 -->
