<?xml version="1.0" encoding="UTF-8"?>
<!-- Generated by org.testng.reporters.JUnitReportReporter -->
<testsuite hostname="ada2-PC" name="com.iitbombayX.TS03.TS03_TC02" tests="1" failures="0" timestamp="30 Jul 2015 07:52:40 GMT" time="15.021" errors="0">
  <testcase name="testHomeFooterNav" time="15.021" classname="com.iitbombayX.TS03.TS03_TC02"/>
</testsuite> <!-- com.iitbombayX.TS03.TS03_TC02 -->
