<?xml version="1.0" encoding="UTF-8"?>
<!-- Generated by org.testng.reporters.JUnitReportReporter -->
<testsuite hostname="ada2-PC" name="com.iitbombayX.TS02.TS02_TC01" tests="1" failures="0" timestamp="27 Jul 2015 11:47:16 GMT" time="20.014" errors="0">
  <testcase name="testHomeToFaqHeadernavLink" time="20.014" classname="com.iitbombayX.TS02.TS02_TC01"/>
</testsuite> <!-- com.iitbombayX.TS02.TS02_TC01 -->
