<?xml version="1.0" encoding="UTF-8"?>
<!-- Generated by org.testng.reporters.JUnitReportReporter -->
<testsuite hostname="ada2-PC" name="com.iitbombayX.TS02.TS02_TC05" tests="1" failures="0" timestamp="27 Jul 2015 11:47:16 GMT" time="13.991" errors="0">
  <testcase name="testFAQLeftPanel" time="13.991" classname="com.iitbombayX.TS02.TS02_TC05"/>
</testsuite> <!-- com.iitbombayX.TS02.TS02_TC05 -->
