<?xml version="1.0" encoding="UTF-8"?>
<!-- Generated by org.testng.reporters.JUnitReportReporter -->
<testsuite hostname="ada2-PC" name="com.iitbombayX.TS05.TS05_TC01" tests="1" failures="0" timestamp="30 Jul 2015 07:52:40 GMT" time="12.334" errors="0">
  <testcase name="Login_page" time="12.334" classname="com.iitbombayX.TS05.TS05_TC01"/>
</testsuite> <!-- com.iitbombayX.TS05.TS05_TC01 -->
