<?xml version="1.0" encoding="UTF-8"?>
<!-- Generated by org.testng.reporters.JUnitReportReporter -->
<testsuite hostname="ada2-PC" name="com.iitbombayX.TS05.TS05_TC02" tests="1" failures="0" timestamp="27 Jul 2015 11:47:17 GMT" time="18.698" errors="0">
  <testcase name="find_course" time="18.698" classname="com.iitbombayX.TS05.TS05_TC02"/>
</testsuite> <!-- com.iitbombayX.TS05.TS05_TC02 -->
