<?xml version="1.0" encoding="UTF-8"?>
<!-- Generated by org.testng.reporters.JUnitReportReporter -->
<testsuite hostname="ada2-PC" name="com.iitbombayX.TS03.TS03_TC05" tests="1" failures="0" timestamp="27 Jul 2015 11:47:17 GMT" time="11.807" errors="0">
  <testcase name="testLoginPage" time="11.807" classname="com.iitbombayX.TS03.TS03_TC05"/>
</testsuite> <!-- com.iitbombayX.TS03.TS03_TC05 -->
