<?xml version="1.0" encoding="UTF-8"?>
<!-- Generated by org.testng.reporters.JUnitReportReporter -->
<testsuite hostname="ada2-PC" name="com.iitbombayX.TS03.TS03_TC06" tests="1" failures="0" timestamp="30 Jul 2015 07:52:40 GMT" time="21.005" errors="0">
  <testcase name="testResetPassword" time="21.005" classname="com.iitbombayX.TS03.TS03_TC06"/>
</testsuite> <!-- com.iitbombayX.TS03.TS03_TC06 -->
